<?xml version="1.0" encoding="UTF-8"?>
<TestRun id="304a3427-4cac-46a9-8d90-a8717b01e378" name="yaqiZhao@YAQIZHAO-PC 2013-01-21 21:14:23" runUser="yaqiZhao-PC\yaqiZhao" xmlns="http://microsoft.com/schemas/VisualStudio/TeamTest/2010">
  <TestSettings name="Local" id="6e85fe15-3410-4b79-bbb0-bb465eb8e417">
    <Description>These are default test settings for a local test run.</Description>
    <Deployment enabled="false" runDeploymentRoot="yaqiZhao_YAQIZHAO-PC 2013-01-21 21_14_23">
      <DeploymentItem filename="C:\Users\yaqiZhao\Documents\Visual Studio 2010\Projects\MyLunchBox\MyLunchBox\bin\MyLunchBox.dll" />
    </Deployment>
    <Execution>
      <TestTypeSpecific />
      <AgentRule name="Execution Agents">
      </AgentRule>
    </Execution>
  </TestSettings>
  <Times creation="2013-01-21T21:14:23.8922670-06:00" queuing="2013-01-21T21:14:30.9326697-06:00" start="2013-01-21T21:14:31.1776837-06:00" finish="2013-01-21T21:14:32.6157659-06:00" />
  <ResultSummary outcome="Failed">
    <Counters total="1" executed="1" error="0" failed="1" timeout="0" aborted="0" inconclusive="0" passedButRunAborted="0" notRunnable="0" notExecuted="0" disconnected="0" warning="0" passed="0" completed="0" inProgress="0" pending="0" />
  </ResultSummary>
  <TestDefinitions>
    <UnitTest name="CanSendOrderConfirmationMail" storage="c:\users\yaqizhao\documents\visual studio 2010\projects\mylunchbox\mylunchboxtest\bin\debug\mylunchboxtest.dll" id="47dbd752-c940-dcc3-b2cf-ce5acc3709f1">
      <Execution id="b978534d-f5a2-42b3-bec6-5437b7596054" />
      <TestMethod codeBase="C:/Users/yaqiZhao/Documents/Visual Studio 2010/Projects/MyLunchBox/MyLunchBoxTest/bin/Debug/MyLunchBoxTest.DLL" adapterTypeName="Microsoft.VisualStudio.TestTools.TestTypes.Unit.UnitTestAdapter, Microsoft.VisualStudio.QualityTools.Tips.UnitTest.Adapter, Version=10.0.0.0, Culture=neutral, PublicKeyToken=b03f5f7f11d50a3a" className="MyLunchBoxTest.UnitTest1, MyLunchBoxTest, Version=1.0.0.0, Culture=neutral, PublicKeyToken=null" name="CanSendOrderConfirmationMail" />
    </UnitTest>
  </TestDefinitions>
  <TestLists>
    <TestList name="Results Not in a List" id="8c84fa94-04c1-424b-9868-57a2d4851a1d" />
    <TestList name="All Loaded Results" id="19431567-8539-422a-85d7-44ee4e166bda" />
  </TestLists>
  <TestEntries>
    <TestEntry testId="47dbd752-c940-dcc3-b2cf-ce5acc3709f1" executionId="b978534d-f5a2-42b3-bec6-5437b7596054" testListId="8c84fa94-04c1-424b-9868-57a2d4851a1d" />
  </TestEntries>
  <Results>
    <UnitTestResult executionId="b978534d-f5a2-42b3-bec6-5437b7596054" testId="47dbd752-c940-dcc3-b2cf-ce5acc3709f1" testName="CanSendOrderConfirmationMail" computerName="YAQIZHAO-PC" duration="00:00:00.2826770" startTime="2013-01-21T21:14:31.4166973-06:00" endTime="2013-01-21T21:14:32.5847641-06:00" testType="13cdc9d9-ddb5-4fa4-a97d-d965ccfc6d4b" outcome="Failed" testListId="8c84fa94-04c1-424b-9868-57a2d4851a1d" relativeResultsDirectory="b978534d-f5a2-42b3-bec6-5437b7596054">
      <Output>
        <ErrorInfo>
          <Message>Test method MyLunchBoxTest.UnitTest1.CanSendOrderConfirmationMail threw exception: 
System.NullReferenceException: Object reference not set to an instance of an object.</Message>
          <StackTrace>    at MyLunchBox.Utilities.MyLunchBoxMailer.SendTemplateMail(Dictionary`2 replacements, String templateName, String toAddress, String fromAddress, String replyToAddress, String bccAddresses, SmtpClient client) in C:\Users\yaqiZhao\Documents\Visual Studio 2010\Projects\MyLunchBox\MyLunchBox\Utilities\MyLunchBoxMailer.cs:line 66
   at MyLunchBoxTest.UnitTest1.CanSendOrderConfirmationMail() in C:\Users\yaqiZhao\Documents\Visual Studio 2010\Projects\MyLunchBox\MyLunchBoxTest\MailerTest.cs:line 70
</StackTrace>
        </ErrorInfo>
      </Output>
    </UnitTestResult>
  </Results>
</TestRun>