<?xml version="1.0" encoding="UTF-8"?>
<TestRun id="164eb02c-d312-4df3-b17e-6c2d70b1c856" name="yaqiZhao@YAQIZHAO-PC 2013-01-21 21:22:42" runUser="yaqiZhao-PC\yaqiZhao" xmlns="http://microsoft.com/schemas/VisualStudio/TeamTest/2010">
  <TestSettings name="Local" id="6e85fe15-3410-4b79-bbb0-bb465eb8e417">
    <Description>These are default test settings for a local test run.</Description>
    <Deployment enabled="false" runDeploymentRoot="yaqiZhao_YAQIZHAO-PC 2013-01-21 21_22_42">
      <DeploymentItem filename="C:\Users\yaqiZhao\Documents\Visual Studio 2010\Projects\MyLunchBox\MyLunchBox\bin\MyLunchBox.dll" />
    </Deployment>
    <Execution>
      <TestTypeSpecific />
      <AgentRule name="Execution Agents">
      </AgentRule>
    </Execution>
  </TestSettings>
  <Times creation="2013-01-21T21:22:42.1737670-06:00" queuing="2013-01-21T21:22:43.4188382-06:00" start="2013-01-21T21:22:43.5258444-06:00" finish="2013-01-21T21:23:40.9481287-06:00" />
  <ResultSummary outcome="Failed">
    <Counters total="1" executed="1" error="0" failed="1" timeout="0" aborted="0" inconclusive="0" passedButRunAborted="0" notRunnable="0" notExecuted="0" disconnected="0" warning="0" passed="0" completed="0" inProgress="0" pending="0" />
  </ResultSummary>
  <TestDefinitions>
    <UnitTest name="CanSendOrderConfirmationMail" storage="c:\users\yaqizhao\documents\visual studio 2010\projects\mylunchbox\mylunchboxtest\bin\debug\mylunchboxtest.dll" id="47dbd752-c940-dcc3-b2cf-ce5acc3709f1">
      <Execution id="0766e79b-647e-4df8-b9b2-8c8e797c3912" />
      <TestMethod codeBase="C:/Users/yaqiZhao/Documents/Visual Studio 2010/Projects/MyLunchBox/MyLunchBoxTest/bin/Debug/MyLunchBoxTest.DLL" adapterTypeName="Microsoft.VisualStudio.TestTools.TestTypes.Unit.UnitTestAdapter, Microsoft.VisualStudio.QualityTools.Tips.UnitTest.Adapter, Version=10.0.0.0, Culture=neutral, PublicKeyToken=b03f5f7f11d50a3a" className="MyLunchBoxTest.UnitTest1, MyLunchBoxTest, Version=1.0.0.0, Culture=neutral, PublicKeyToken=null" name="CanSendOrderConfirmationMail" />
    </UnitTest>
  </TestDefinitions>
  <TestLists>
    <TestList name="Results Not in a List" id="8c84fa94-04c1-424b-9868-57a2d4851a1d" />
    <TestList name="All Loaded Results" id="19431567-8539-422a-85d7-44ee4e166bda" />
  </TestLists>
  <TestEntries>
    <TestEntry testId="47dbd752-c940-dcc3-b2cf-ce5acc3709f1" executionId="0766e79b-647e-4df8-b9b2-8c8e797c3912" testListId="8c84fa94-04c1-424b-9868-57a2d4851a1d" />
  </TestEntries>
  <Results>
    <UnitTestResult executionId="0766e79b-647e-4df8-b9b2-8c8e797c3912" testId="47dbd752-c940-dcc3-b2cf-ce5acc3709f1" testName="CanSendOrderConfirmationMail" computerName="YAQIZHAO-PC" duration="00:00:55.9827726" startTime="2013-01-21T21:22:43.6268501-06:00" endTime="2013-01-21T21:23:40.7141154-06:00" testType="13cdc9d9-ddb5-4fa4-a97d-d965ccfc6d4b" outcome="Failed" testListId="8c84fa94-04c1-424b-9868-57a2d4851a1d" relativeResultsDirectory="0766e79b-647e-4df8-b9b2-8c8e797c3912">
      <Output>
        <ErrorInfo>
          <Message>Test method MyLunchBoxTest.UnitTest1.CanSendOrderConfirmationMail threw exception: 
System.NullReferenceException: Object reference not set to an instance of an object.</Message>
          <StackTrace>    at MyLunchBox.Utilities.MyLunchBoxMailer.SendTemplateMail(Dictionary`2 replacements, String templateName, String toAddress, String fromAddress, String replyToAddress, String bccAddresses, SmtpClient client) in C:\Users\yaqiZhao\Documents\Visual Studio 2010\Projects\MyLunchBox\MyLunchBox\Utilities\MyLunchBoxMailer.cs:line 66
   at MyLunchBoxTest.UnitTest1.CanSendOrderConfirmationMail() in C:\Users\yaqiZhao\Documents\Visual Studio 2010\Projects\MyLunchBox\MyLunchBoxTest\MailerTest.cs:line 70
</StackTrace>
        </ErrorInfo>
      </Output>
    </UnitTestResult>
  </Results>
</TestRun>